[2025-12-05 09:24:15] [INFO] ====================================================================================================
[2025-12-05 09:24:15] [INFO] [START] EUROPEAN PREDICTOR - V25 (ADVANCED PORTFOLIO)
[2025-12-05 09:24:15] [INFO] ====================================================================================================
[2025-12-05 09:24:15] [INFO] 
[0] INIZIO SCANSIONE EUROPA (V25)...
[2025-12-05 09:24:15] [INFO] 
[1] COSTRUZIONE DATASET GLOBALE (IT/EN/ES)...
[2025-12-05 09:24:15] [INFO] --------------------------------------------------------------------------------
[2025-12-05 09:24:15] [INFO] [API] Scaricamento Serie A (2024)...
[2025-12-05 09:24:17] [INFO] [API] Scaricamento Serie A (2023)...
[2025-12-05 09:24:19] [INFO] [API] Scaricamento Serie A (2025)...
[2025-12-05 09:24:20] [INFO]  -> Serie A: 130 partite correnti caricate.
[2025-12-05 09:24:21] [INFO] [API] Scaricamento Premier League (2024)...
[2025-12-05 09:24:24] [INFO] [API] Scaricamento Premier League (2023)...
[2025-12-05 09:24:26] [INFO] [API] Scaricamento Premier League (2025)...
[2025-12-05 09:24:27] [INFO]  -> Premier League: 140 partite correnti caricate.
[2025-12-05 09:24:28] [INFO] [API] Scaricamento La Liga (2024)...
[2025-12-05 09:24:31] [INFO] [API] Scaricamento La Liga (2023)...
[2025-12-05 09:24:33] [INFO] [WAIT] Rate Limit Protection... attendo 58.8s
[2025-12-05 09:25:32] [INFO] [API] Scaricamento La Liga (2025)...
[2025-12-05 09:25:33] [INFO]  -> La Liga: 140 partite correnti caricate.
[2025-12-05 09:25:33] [INFO] [OK] TOTALE GLOBALE: 2690 partite pronte per l'analisi.

[2025-12-05 09:25:33] [INFO] [2] CALCOLO FEATURES MEGA (V23: 11 → 19 FEATURES)...
[2025-12-05 09:26:29] [INFO] [OK] Training Set Creato: 2690 campioni con 19 features.
[2025-12-05 09:26:29] [INFO] 
[3] TRAINING INTELLIGENZA ARTIFICIALE (V23 TUNED)...
[2025-12-05 09:26:31] [INFO] [STATS] Precisione Modello (Test Set): 0.488
[2025-12-05 09:26:31] [INFO] 
[4] ANALISI PARTITE FUTURE (TUTTE LE LEGHE)...
[2025-12-05 09:26:31] [INFO] [API] Scaricamento Serie A (2025)...
[2025-12-05 09:26:31] [INFO]  -> Serie A: 10 match trovati.
[2025-12-05 09:26:33] [INFO] [API] Scaricamento Premier League (2025)...
[2025-12-05 09:26:34] [INFO]  -> Premier League: 10 match trovati.
[2025-12-05 09:26:35] [INFO] [API] Scaricamento La Liga (2025)...
[2025-12-05 09:26:35] [INFO]  -> La Liga: 10 match trovati.
[2025-12-05 09:26:35] [INFO] 
====================================================================================================
[2025-12-05 09:26:35] [INFO] LEGA  | MATCH                               | PRED  | 1 %  | X %  | 2 %  | NG %
[2025-12-05 09:26:35] [INFO] ====================================================================================================
[2025-12-05 09:26:36] [INFO] SA    | Sassuolo vs Fiorentina              | 1     | 35   | 30   | 34   | 53  
[2025-12-05 09:26:36] [INFO] SA    | Inter vs Como                       | X     | 38   | 43   | 19   | 65  
[2025-12-05 09:26:36] [INFO] SA    | Verona vs Atalanta                  | 2     | 20   | 28   | 53   | 67  
[2025-12-05 09:26:36] [INFO] SA    | Cremonese vs Lecce                  | X     | 33   | 38   | 29   | 53  
[2025-12-05 09:26:36] [INFO] SA    | Cagliari vs Roma                    | 2     | 16   | 34   | 50   | 64  
[2025-12-05 09:26:36] [INFO] SA    | Lazio vs Bologna                    | 2     | 27   | 35   | 38   | 46  
[2025-12-05 09:26:36] [INFO] SA    | Napoli vs Juventus                  | 1     | 42   | 41   | 17   | 54  
[2025-12-05 09:26:36] [INFO] SA    | Pisa vs Parma                       | X     | 27   | 41   | 33   | 56  
[2025-12-05 09:26:36] [INFO] SA    | Udinese vs Genoa                    | X     | 33   | 46   | 22   | 41  
[2025-12-05 09:26:36] [INFO] SA    | Torino vs Milan                     | 2     | 17   | 32   | 51   | 47  
[2025-12-05 09:26:36] [INFO] PL    | Aston Villa vs Arsenal              | X     | 25   | 38   | 37   | 39  
[2025-12-05 09:26:36] [INFO] PL    | Bournemouth vs Chelsea              | 2     | 26   | 34   | 39   | 36  
[2025-12-05 09:26:36] [INFO] PL    | Everton vs Nottingham               | 1     | 38   | 37   | 24   | 51  
[2025-12-05 09:26:37] [INFO] PL    | Man City vs Sunderland              | 1     | 63   | 25   | 12   | 38  
[2025-12-05 09:26:37] [INFO] PL    | Newcastle vs Burnley                | 1     | 56   | 35   | 9    | 39  
[2025-12-05 09:26:37] [INFO] PL    | Tottenham vs Brentford              | 2     | 22   | 31   | 47   | 35  
[2025-12-05 09:26:37] [INFO] PL    | Leeds vs Liverpool                  | 2     | 27   | 29   | 44   | 36  
[2025-12-05 09:26:37] [INFO] PL    | Brighton vs West Ham                | 1     | 67   | 21   | 12   | 38  
[2025-12-05 09:26:37] [INFO] PL    | Fulham vs Crystal Palace            | 2     | 28   | 29   | 43   | 39  
[2025-12-05 09:26:37] [INFO] PL    | Wolves vs Man United                | 2     | 13   | 31   | 57   | 59  
[2025-12-05 09:26:37] [INFO] PD    | Oviedo vs Mallorca                  | X     | 31   | 42   | 27   | 55  
[2025-12-05 09:26:37] [INFO] PD    | Villarreal vs Getafe                | 1     | 74   | 20   | 6    | 55  
[2025-12-05 09:26:37] [INFO] PD    | Deportivo Alavé vs Real Sociedad    | X     | 30   | 39   | 31   | 47  
[2025-12-05 09:26:37] [INFO] PD    | Real Betis vs Barcelona             | 2     | 23   | 33   | 44   | 29  
[2025-12-05 09:26:37] [INFO] PD    | Athletic Club vs Atletico           | 2     | 18   | 30   | 52   | 50  
[2025-12-05 09:26:37] [INFO] PD    | Elche vs Girona                     | 1     | 38   | 37   | 25   | 51  
[2025-12-05 09:26:37] [INFO] PD    | Valencia vs Sevilla                 | X     | 30   | 46   | 25   | 47  
[2025-12-05 09:26:37] [INFO] PD    | RCD Espanyol de vs Rayo             | 2     | 34   | 28   | 38   | 59  
[2025-12-05 09:26:37] [INFO] PD    | Real Madrid vs Celta                | 1     | 70   | 19   | 10   | 40  
[2025-12-05 09:26:37] [INFO] PD    | Osasuna vs Levante                  | X     | 33   | 41   | 26   | 46  
[2025-12-05 09:26:37] [INFO] [QUOTE] Assegnazione quote ai match (SNAI REALE)...
[2025-12-05 09:26:37] [INFO] [OK] Quote assegnate: 30 match
[2025-12-05 09:26:37] [INFO] 
[SCHEDINE V25] Generazione Portfolio Tiered Avanzato...
[2025-12-05 09:26:37] [INFO] [TIER 1] 🛡️ ULTRA SAFE - Doppie basse quote (Prob: >60%, Quota: 1.15-1.40)
[2025-12-05 09:26:37] [INFO] [TIER 2] 🏰 SAFE - Triple conservativa (Prob: >45%, Quota: 1.30-2.00)
[2025-12-05 09:26:37] [INFO] [TIER 3] ⚖️ BALANCED - Acca equilibrata (Prob: 20-35%, Quota: 2.50-5.00)
[2025-12-05 09:26:37] [INFO] [TIER 4] 💎 VALUE - Multipla ad alto valore (Prob: 12-25%, Quota: 4.00-8.00)
[2025-12-05 09:26:37] [INFO] [TIER 5] 🚀 AGGRESSIVE - Long shot (Prob: 5-15%, Quota: >8.00)
[2025-12-05 09:26:37] [INFO] 


[2025-12-05 09:26:37] [INFO] $$$$$$$$$$$$$$$$$$$$$$$$$$$$$$$$$$$$$$$$$$$$$$$$$$$$$$$$$$$$$$$$$$$$$$$$$$$$$$$$$$$$$$$$$$$$$$$$$$$$
[2025-12-05 09:26:37] [INFO] $$   PORTAFOGLIO INTELLIGENTE V25 (AI-OPTIMIZED)   $$
[2025-12-05 09:26:37] [INFO] $$   BUDGET: 100.0€ | ACCURACY: 48.8%   $$
[2025-12-05 09:26:37] [INFO] $$$$$$$$$$$$$$$$$$$$$$$$$$$$$$$$$$$$$$$$$$$$$$$$$$$$$$$$$$$$$$$$$$$$$$$$$$$$$$$$$$$$$$$$$$$$$$$$$$$$
[2025-12-05 09:26:37] [INFO] 
====================================================================================================
[2025-12-05 09:26:37] [INFO] 🛡️ TIER 1: IL BUNKER
[2025-12-05 09:26:37] [INFO] ====================================================================================================
[2025-12-05 09:26:37] [INFO] Budget Tier: 30.00€ | Usato: 3.00€ | Rimanente: 27.00€
[2025-12-05 09:26:37] [INFO] 
[2025-12-05 09:26:37] [INFO]   1. IL BUNKER 🛡️ (Massima Protezione)
[2025-12-05 09:26:37] [INFO]      Qualità: 62.4/100 | EV: 1.123 | ROI Teorico: 56.0%
[2025-12-05 09:26:37] [INFO]      Quota: 1.56 | Prob.: 72.0% | N° Gambe: 2
[2025-12-05 09:26:37] [INFO]      💰 PUNTATA: 1.50€ → VINCITA POTENZIALE: 2.34€
[2025-12-05 09:26:37] [INFO]      --------------------------------------------------------------------------------
[2025-12-05 09:26:37] [INFO]      1. [PL] Wolves vs Man United                          [2X  ] @1.20
[2025-12-05 09:26:37] [INFO]      2. [PD] Athletic Club vs Atletico                     [2X  ] @1.30
[2025-12-05 09:26:37] [INFO] 
[2025-12-05 09:26:37] [INFO]   2. IL BUNKER 🛡️ (Massima Protezione)
[2025-12-05 09:26:37] [INFO]      Qualità: 60.8/100 | EV: 1.114 | ROI Teorico: 71.6%
[2025-12-05 09:26:37] [INFO]      Quota: 1.72 | Prob.: 64.9% | N° Gambe: 2
[2025-12-05 09:26:37] [INFO]      💰 PUNTATA: 1.50€ → VINCITA POTENZIALE: 2.57€
[2025-12-05 09:26:37] [INFO]      --------------------------------------------------------------------------------
[2025-12-05 09:26:37] [INFO]      1. [SA] Napoli vs Juventus                            [1X  ] @1.30
[2025-12-05 09:26:37] [INFO]      2. [SA] Udinese vs Genoa                              [1X  ] @1.32
[2025-12-05 09:26:37] [INFO] 
[2025-12-05 09:26:37] [INFO] 
====================================================================================================
[2025-12-05 09:26:37] [INFO] 🏰 TIER 2: IL TRINCERONE
[2025-12-05 09:26:37] [INFO] ====================================================================================================
[2025-12-05 09:26:37] [INFO] Budget Tier: 25.00€ | Usato: 3.00€ | Rimanente: 22.00€
[2025-12-05 09:26:37] [INFO] 
[2025-12-05 09:26:37] [INFO]   3. IL TRINCERONE 🏰 (Protezione Solida)
[2025-12-05 09:26:37] [INFO]      Qualità: 58.1/100 | EV: 1.978 | ROI Teorico: 508.0%
[2025-12-05 09:26:37] [INFO]      Quota: 6.08 | Prob.: 32.5% | N° Gambe: 3
[2025-12-05 09:26:37] [INFO]      💰 PUNTATA: 1.50€ → VINCITA POTENZIALE: 9.12€
[2025-12-05 09:26:37] [INFO]      --------------------------------------------------------------------------------
[2025-12-05 09:26:37] [INFO]      1. [PD] Osasuna vs Levante                            [2X  ] @2.00
[2025-12-05 09:26:37] [INFO]      2. [PL] Tottenham vs Brentford                        [2X  ] @1.60
[2025-12-05 09:26:37] [INFO]      3. [SA] Inter vs Como                                 [NG  ] @1.90
[2025-12-05 09:26:37] [INFO] 
[2025-12-05 09:26:37] [INFO]   4. IL TRINCERONE 🏰 (Protezione Solida)
[2025-12-05 09:26:37] [INFO]      Qualità: 50.4/100 | EV: 1.581 | ROI Teorico: 517.9%
[2025-12-05 09:26:37] [INFO]      Quota: 6.18 | Prob.: 25.6% | N° Gambe: 3
[2025-12-05 09:26:37] [INFO]      💰 PUNTATA: 1.50€ → VINCITA POTENZIALE: 9.27€
[2025-12-05 09:26:37] [INFO]      --------------------------------------------------------------------------------
[2025-12-05 09:26:37] [INFO]      1. [PD] Valencia vs Sevilla                           [2X  ] @1.67
[2025-12-05 09:26:37] [INFO]      2. [PL] Aston Villa vs Arsenal                        [1X  ] @1.85
[2025-12-05 09:26:37] [INFO]      3. [SA] Lazio vs Bologna                              [GG  ] @2.00
[2025-12-05 09:26:37] [INFO] 
[2025-12-05 09:26:37] [INFO] 
====================================================================================================
[2025-12-05 09:26:37] [INFO] ⚖️ TIER 3: LA BILANCIA
[2025-12-05 09:26:37] [INFO] ====================================================================================================
[2025-12-05 09:26:37] [INFO] Budget Tier: 20.00€ | Usato: 1.50€ | Rimanente: 18.50€
[2025-12-05 09:26:37] [INFO] 
[2025-12-05 09:26:37] [INFO]   5. LA BILANCIA ⚖️ (Equilibrio Rischio-Rendita)
[2025-12-05 09:26:37] [INFO]      Qualità: 53.0/100 | EV: 2.871 | ROI Teorico: 1796.3%
[2025-12-05 09:26:37] [INFO]      Quota: 18.96 | Prob.: 15.1% | N° Gambe: 4
[2025-12-05 09:26:37] [INFO]      💰 PUNTATA: 1.50€ → VINCITA POTENZIALE: 28.44€
[2025-12-05 09:26:37] [INFO]      --------------------------------------------------------------------------------
[2025-12-05 09:26:37] [INFO]      1. [SA] Inter vs Como                                 [2X  ] @2.50
[2025-12-05 09:26:37] [INFO]      2. [PD] Osasuna vs Levante                            [2X  ] @2.00
[2025-12-05 09:26:37] [INFO]      3. [PD] Villarreal vs Getafe                          [GG  ] @2.05
[2025-12-05 09:26:37] [INFO]      4. [PL] Aston Villa vs Arsenal                        [1X  ] @1.85
[2025-12-05 09:26:37] [INFO] 
[2025-12-05 09:26:37] [INFO] ====================================================================================================
[2025-12-05 09:26:37] [INFO] RIEPILOGO PORTAFOGLIO
[2025-12-05 09:26:37] [INFO] ====================================================================================================
[2025-12-05 09:26:37] [INFO] Schedine Proposte: 5
[2025-12-05 09:26:37] [INFO] Budget Totale Impiegato: 7.50€ (7.5% del budget)
[2025-12-05 09:26:37] [INFO] Budget Rimanente: 92.50€
[2025-12-05 09:26:37] [INFO] Expected Value Medio: 1.73
[2025-12-05 09:26:37] [INFO] ROI Atteso: 590.0%
[2025-12-05 09:26:37] [INFO] ====================================================================================================
[2025-12-05 09:26:37] [INFO] ✅ CONSIGLIO: Distribuisci le schedine su più settimane per diversificare il rischio.
[2025-12-05 09:26:37] [INFO] ✅ GESTIONE: Se raggiungi +30% di profitto, reinvesti solo il 50% degli utili.
[2025-12-05 09:26:37] [INFO] ====================================================================================================

[2025-12-05 09:26:37] [INFO] 
[DONE] Analisi Completata.


















[2025-12-05 10:22:12] [INFO] ====================================================================================================
[2025-12-05 10:22:12] [INFO] [START] EUROPEAN PREDICTOR - V25 (ADVANCED PORTFOLIO)
[2025-12-05 10:22:12] [INFO] ====================================================================================================
[2025-12-05 10:22:12] [INFO] 
[0] INIZIO SCANSIONE EUROPA (V25)...
[2025-12-05 10:22:12] [INFO] 
[1] COSTRUZIONE DATASET GLOBALE (IT/EN/ES)...
[2025-12-05 10:22:12] [INFO] --------------------------------------------------------------------------------
[2025-12-05 10:22:12] [INFO] [API] Scaricamento Serie A (2024)...
[2025-12-05 10:22:14] [INFO] [API] Scaricamento Serie A (2023)...
[2025-12-05 10:22:16] [INFO] [API] Scaricamento Serie A (2025)...
[2025-12-05 10:22:17] [INFO]  -> Serie A: 130 partite correnti caricate.
[2025-12-05 10:22:18] [INFO] [API] Scaricamento Premier League (2024)...
[2025-12-05 10:22:20] [INFO] [API] Scaricamento Premier League (2023)...
[2025-12-05 10:22:22] [INFO] [API] Scaricamento Premier League (2025)...
[2025-12-05 10:22:24] [INFO]  -> Premier League: 140 partite correnti caricate.
[2025-12-05 10:22:24] [INFO] [API] Scaricamento La Liga (2024)...
[2025-12-05 10:22:27] [INFO] [API] Scaricamento La Liga (2023)...
[2025-12-05 10:22:28] [INFO] [WAIT] Rate Limit Protection... attendo 59.2s
[2025-12-05 10:23:28] [INFO] [API] Scaricamento La Liga (2025)...
[2025-12-05 10:23:28] [INFO]  -> La Liga: 140 partite correnti caricate.
[2025-12-05 10:23:29] [INFO] [OK] TOTALE GLOBALE: 2690 partite pronte per l'analisi.

[2025-12-05 10:23:29] [INFO] [2] CALCOLO FEATURES MEGA (V23: 11 → 19 FEATURES)...
[2025-12-05 10:23:52] [INFO] [OK] Training Set Creato: 2690 campioni con 19 features.
[2025-12-05 10:23:52] [INFO] 
[3] TRAINING INTELLIGENZA ARTIFICIALE (V23 TUNED)...
[2025-12-05 10:23:53] [INFO] [STATS] Precisione Modello (Test Set): 0.488
[2025-12-05 10:23:53] [INFO] 
[4] ANALISI PARTITE FUTURE (TUTTE LE LEGHE)...
[2025-12-05 10:23:53] [INFO] [API] Scaricamento Serie A (2025)...
[2025-12-05 10:23:54] [INFO]  -> Serie A: 10 match trovati.
[2025-12-05 10:23:55] [INFO] [API] Scaricamento Premier League (2025)...
[2025-12-05 10:23:56] [INFO]  -> Premier League: 10 match trovati.
[2025-12-05 10:23:57] [INFO] [API] Scaricamento La Liga (2025)...
[2025-12-05 10:23:58] [INFO]  -> La Liga: 10 match trovati.
[2025-12-05 10:23:58] [INFO] 
====================================================================================================
[2025-12-05 10:23:58] [INFO] LEGA  | MATCH                               | PRED  | 1 %  | X %  | 2 %  | NG %
[2025-12-05 10:23:58] [INFO] ====================================================================================================
[2025-12-05 10:23:58] [INFO] SA    | Sassuolo vs Fiorentina              | 1     | 35   | 30   | 34   | 53  
[2025-12-05 10:23:58] [INFO] SA    | Inter vs Como                       | X     | 38   | 43   | 19   | 65  
[2025-12-05 10:23:58] [INFO] SA    | Verona vs Atalanta                  | 2     | 20   | 28   | 53   | 67  
[2025-12-05 10:23:58] [INFO] SA    | Cremonese vs Lecce                  | X     | 33   | 38   | 29   | 53  
[2025-12-05 10:23:58] [INFO] SA    | Cagliari vs Roma                    | 2     | 16   | 34   | 50   | 64  
[2025-12-05 10:23:58] [INFO] SA    | Lazio vs Bologna                    | 2     | 27   | 35   | 38   | 46  
[2025-12-05 10:23:58] [INFO] SA    | Napoli vs Juventus                  | 1     | 42   | 41   | 17   | 54  
[2025-12-05 10:23:58] [INFO] SA    | Pisa vs Parma                       | X     | 27   | 41   | 33   | 56  
[2025-12-05 10:23:58] [INFO] SA    | Udinese vs Genoa                    | X     | 33   | 46   | 22   | 41  
[2025-12-05 10:23:58] [INFO] SA    | Torino vs Milan                     | 2     | 17   | 32   | 51   | 47  
[2025-12-05 10:23:58] [INFO] PL    | Aston Villa vs Arsenal              | X     | 25   | 38   | 37   | 39  
[2025-12-05 10:23:58] [INFO] PL    | Bournemouth vs Chelsea              | 2     | 26   | 34   | 39   | 36  
[2025-12-05 10:23:58] [INFO] PL    | Everton vs Nottingham               | 1     | 38   | 37   | 24   | 51  
[2025-12-05 10:23:58] [INFO] PL    | Man City vs Sunderland              | 1     | 63   | 25   | 12   | 38  
[2025-12-05 10:23:58] [INFO] PL    | Newcastle vs Burnley                | 1     | 56   | 35   | 9    | 39  
[2025-12-05 10:23:58] [INFO] PL    | Tottenham vs Brentford              | 2     | 22   | 31   | 47   | 35  
[2025-12-05 10:23:58] [INFO] PL    | Leeds vs Liverpool                  | 2     | 27   | 29   | 44   | 36  
[2025-12-05 10:23:58] [INFO] PL    | Brighton vs West Ham                | 1     | 67   | 21   | 12   | 38  
[2025-12-05 10:23:58] [INFO] PL    | Fulham vs Crystal Palace            | 2     | 28   | 29   | 43   | 39  
[2025-12-05 10:23:58] [INFO] PL    | Wolves vs Man United                | 2     | 13   | 31   | 57   | 59  
[2025-12-05 10:23:58] [INFO] PD    | Oviedo vs Mallorca                  | X     | 31   | 42   | 27   | 55  
[2025-12-05 10:23:59] [INFO] PD    | Villarreal vs Getafe                | 1     | 74   | 20   | 6    | 55  
[2025-12-05 10:23:59] [INFO] PD    | Deportivo Alavé vs Real Sociedad    | X     | 30   | 39   | 31   | 47  
[2025-12-05 10:23:59] [INFO] PD    | Real Betis vs Barcelona             | 2     | 23   | 33   | 44   | 29  
[2025-12-05 10:23:59] [INFO] PD    | Athletic Club vs Atletico           | 2     | 18   | 30   | 52   | 50  
[2025-12-05 10:23:59] [INFO] PD    | Elche vs Girona                     | 1     | 38   | 37   | 25   | 51  
[2025-12-05 10:23:59] [INFO] PD    | Valencia vs Sevilla                 | X     | 30   | 46   | 25   | 47  
[2025-12-05 10:23:59] [INFO] PD    | RCD Espanyol de vs Rayo             | 2     | 34   | 28   | 38   | 59  
[2025-12-05 10:23:59] [INFO] PD    | Real Madrid vs Celta                | 1     | 70   | 19   | 10   | 40  
[2025-12-05 10:23:59] [INFO] PD    | Osasuna vs Levante                  | X     | 33   | 41   | 26   | 46  
[2025-12-05 10:23:59] [INFO] [QUOTE] Assegnazione quote ai match (SNAI REALE)...
[2025-12-05 10:23:59] [INFO] [OK] Quote assegnate: 30 match
[2025-12-05 10:23:59] [INFO] 
[SCHEDINE V25] Generazione Portfolio Tiered Avanzato...
[2025-12-05 10:23:59] [INFO] [TIER 1] 🛡️ ULTRA SAFE - Doppie basse quote
[2025-12-05 10:23:59] [INFO] [TIER 2] 🏰 SAFE - Triple conservative
[2025-12-05 10:23:59] [INFO] [TIER 3] ⚖️ BALANCED - Acca equilibrata
[2025-12-05 10:23:59] [INFO] [TIER 4] 💎 VALUE - Multipla alto valore
[2025-12-05 10:23:59] [INFO] [TIER 5] 🚀 AGGRESSIVE - Long shot
[2025-12-05 10:23:59] [INFO] 


[2025-12-05 10:23:59] [INFO] $$$$$$$$$$$$$$$$$$$$$$$$$$$$$$$$$$$$$$$$$$$$$$$$$$$$$$$$$$$$$$$$$$$$$$$$$$$$$$$$$$$$$$$$$$$$$$$$$$$$
[2025-12-05 10:23:59] [INFO] $$   PORTAFOGLIO INTELLIGENTE V25 (AI-OPTIMIZED)   $$
[2025-12-05 10:23:59] [INFO] $$   BUDGET: 100.0€ | ACCURACY: 48.8%   $$
[2025-12-05 10:23:59] [INFO] $$$$$$$$$$$$$$$$$$$$$$$$$$$$$$$$$$$$$$$$$$$$$$$$$$$$$$$$$$$$$$$$$$$$$$$$$$$$$$$$$$$$$$$$$$$$$$$$$$$$
[2025-12-05 10:23:59] [INFO] 
====================================================================================================
[2025-12-05 10:23:59] [INFO] 🛡️ TIER 1: IL BUNKER
[2025-12-05 10:23:59] [INFO] ====================================================================================================
[2025-12-05 10:23:59] [INFO] Budget Tier: 30.00€ | Usato: 3.00€ | Rimanente: 27.00€
[2025-12-05 10:23:59] [INFO] 
[2025-12-05 10:23:59] [INFO]   1. IL BUNKER 🛡️
[2025-12-05 10:23:59] [INFO]      Qualità: 62.5/100 | EV: 1.127 | ROI Teorico: 56.0%
[2025-12-05 10:23:59] [INFO]      Quota: 1.56 | Prob.: 72.3% | N° Gambe: 2
[2025-12-05 10:23:59] [INFO]      💰 PUNTATA: 1.50€ → VINCITA POTENZIALE: 2.34€
[2025-12-05 10:23:59] [INFO]      --------------------------------------------------------------------------------
[2025-12-05 10:23:59] [INFO]      1. [PL] Wolves vs Man United                          [2X  ] @1.20
[2025-12-05 10:23:59] [INFO]      2. [SA] Napoli vs Juventus                            [1X  ] @1.30
[2025-12-05 10:23:59] [INFO] 
[2025-12-05 10:23:59] [INFO]   2. IL BUNKER 🛡️
[2025-12-05 10:23:59] [INFO]      Qualità: 60.7/100 | EV: 1.110 | ROI Teorico: 71.6%
[2025-12-05 10:23:59] [INFO]      Quota: 1.72 | Prob.: 64.7% | N° Gambe: 2
[2025-12-05 10:23:59] [INFO]      💰 PUNTATA: 1.50€ → VINCITA POTENZIALE: 2.57€
[2025-12-05 10:23:59] [INFO]      --------------------------------------------------------------------------------
[2025-12-05 10:23:59] [INFO]      1. [SA] Udinese vs Genoa                              [1X  ] @1.32
[2025-12-05 10:23:59] [INFO]      2. [PD] Athletic Club vs Atletico                     [2X  ] @1.30
[2025-12-05 10:23:59] [INFO] 
[2025-12-05 10:23:59] [INFO] 
====================================================================================================
[2025-12-05 10:23:59] [INFO] 🏰 TIER 2: IL TRINCERONE
[2025-12-05 10:23:59] [INFO] ====================================================================================================
[2025-12-05 10:23:59] [INFO] Budget Tier: 25.00€ | Usato: 3.00€ | Rimanente: 22.00€
[2025-12-05 10:23:59] [INFO] 
[2025-12-05 10:23:59] [INFO]   3. IL TRINCERONE 🏰
[2025-12-05 10:23:59] [INFO]      Qualità: 48.3/100 | EV: 1.486 | ROI Teorico: 558.0%
[2025-12-05 10:23:59] [INFO]      Quota: 6.58 | Prob.: 22.6% | N° Gambe: 3
[2025-12-05 10:23:59] [INFO]      💰 PUNTATA: 1.50€ → VINCITA POTENZIALE: 9.87€
[2025-12-05 10:23:59] [INFO]      --------------------------------------------------------------------------------
[2025-12-05 10:23:59] [INFO]      1. [PD] Real Betis vs Barcelona                       [1X  ] @2.00
[2025-12-05 10:23:59] [INFO]      2. [PL] Man City vs Sunderland                        [GG  ] @1.97
[2025-12-05 10:23:59] [INFO]      3. [PD] Valencia vs Sevilla                           [2X  ] @1.67
[2025-12-05 10:23:59] [INFO] 
[2025-12-05 10:23:59] [INFO]   4. IL TRINCERONE 🏰
[2025-12-05 10:23:59] [INFO]      Qualità: 47.5/100 | EV: 1.410 | ROI Teorico: 474.3%
[2025-12-05 10:23:59] [INFO]      Quota: 5.74 | Prob.: 24.6% | N° Gambe: 3
[2025-12-05 10:23:59] [INFO]      💰 PUNTATA: 1.50€ → VINCITA POTENZIALE: 8.61€
[2025-12-05 10:23:59] [INFO]      --------------------------------------------------------------------------------
[2025-12-05 10:23:59] [INFO]      1. [PD] Villarreal vs Getafe                          [1   ] @1.55
[2025-12-05 10:23:59] [INFO]      2. [PD] Oviedo vs Mallorca                            [GG  ] @1.95
[2025-12-05 10:23:59] [INFO]      3. [PD] RCD Espanyol de Barcelona vs Rayo             [GG  ] @1.90
[2025-12-05 10:23:59] [INFO] 
[2025-12-05 10:23:59] [INFO] 
====================================================================================================
[2025-12-05 10:23:59] [INFO] ⚖️ TIER 3: LA BILANCIA
[2025-12-05 10:23:59] [INFO] ====================================================================================================
[2025-12-05 10:23:59] [INFO] Budget Tier: 20.00€ | Usato: 3.00€ | Rimanente: 17.00€
[2025-12-05 10:23:59] [INFO] 
[2025-12-05 10:23:59] [INFO]   5. LA BILANCIA ⚖️
[2025-12-05 10:23:59] [INFO]      Qualità: 43.8/100 | EV: 1.959 | ROI Teorico: 1491.2%
[2025-12-05 10:23:59] [INFO]      Quota: 15.91 | Prob.: 12.3% | N° Gambe: 4
[2025-12-05 10:23:59] [INFO]      💰 PUNTATA: 1.50€ → VINCITA POTENZIALE: 23.87€
[2025-12-05 10:23:59] [INFO]      --------------------------------------------------------------------------------
[2025-12-05 10:23:59] [INFO]      1. [SA] Pisa vs Parma                                 [GG  ] @1.97
[2025-12-05 10:23:59] [INFO]      2. [PD] Osasuna vs Levante                            [2X  ] @2.00
[2025-12-05 10:23:59] [INFO]      3. [SA] Cremonese vs Lecce                            [GG  ] @1.97
[2025-12-05 10:23:59] [INFO]      4. [PL] Leeds vs Liverpool                            [1X  ] @2.05
[2025-12-05 10:23:59] [INFO] 
[2025-12-05 10:23:59] [INFO]   6. LA BILANCIA ⚖️
[2025-12-05 10:23:59] [INFO]      Qualità: 41.6/100 | EV: 1.800 | ROI Teorico: 1176.8%
[2025-12-05 10:23:59] [INFO]      Quota: 12.77 | Prob.: 14.1% | N° Gambe: 4
[2025-12-05 10:23:59] [INFO]      💰 PUNTATA: 1.50€ → VINCITA POTENZIALE: 19.15€
[2025-12-05 10:23:59] [INFO]      --------------------------------------------------------------------------------
[2025-12-05 10:23:59] [INFO]      1. [SA] Inter vs Como                                 [NG  ] @1.90
[2025-12-05 10:23:59] [INFO]      2. [PL] Newcastle vs Burnley                          [GG  ] @2.00
[2025-12-05 10:23:59] [INFO]      3. [SA] Cagliari vs Roma                              [1X  ] @2.10
[2025-12-05 10:23:59] [INFO]      4. [PL] Tottenham vs Brentford                        [2X  ] @1.60
[2025-12-05 10:23:59] [INFO] 
[2025-12-05 10:23:59] [INFO] ====================================================================================================
[2025-12-05 10:23:59] [INFO] RIEPILOGO PORTAFOGLIO
[2025-12-05 10:23:59] [INFO] ====================================================================================================
[2025-12-05 10:23:59] [INFO] Schedine Proposte: 6
[2025-12-05 10:23:59] [INFO] Budget Totale Impiegato: 9.00€ (9.0% del budget)
[2025-12-05 10:23:59] [INFO] Budget Rimanente: 91.00€
[2025-12-05 10:23:59] [INFO] Expected Value Medio: 1.48
[2025-12-05 10:23:59] [INFO] ROI Atteso: 638.0%
[2025-12-05 10:23:59] [INFO] ====================================================================================================
[2025-12-05 10:23:59] [INFO] ✅ CONSIGLIO: Distribuisci le schedine su più settimane per diversificare il rischio.
[2025-12-05 10:23:59] [INFO] ✅ GESTIONE: Se raggiungi +30% di profitto, reinvesti solo il 50% degli utili.
[2025-12-05 10:23:59] [INFO] ====================================================================================================

[2025-12-05 10:23:59] [INFO] 
[DONE] Analisi Completata.